<?xml version="1.0" encoding="UTF-8"?>
<testng-results ignored="0" total="2" passed="2" failed="0" skipped="0">
  <reporter-output>
  </reporter-output>
  <suite started-at="2024-06-06T22:15:18 IST" name="Suite" finished-at="2024-06-06T22:15:31 IST" duration-ms="13402">
    <groups>
    </groups>
    <test started-at="2024-06-06T22:15:18 IST" name="Testonchrome" finished-at="2024-06-06T22:15:29 IST" duration-ms="10969">
      <class name="testngScipts.FirstScript">
        <test-method is-config="true" signature="f(java.lang.String)[pri:0, instance:testngScipts.FirstScript@bcec361]" started-at="2024-06-06T22:15:18 IST" name="f" finished-at="2024-06-06T22:15:21 IST" duration-ms="2931" status="PASS">
          <params>
            <param index="0">
              <value>
                <![CDATA[chrome]]>
              </value>
            </param>
          </params>
          <reporter-output>
          </reporter-output>
        </test-method> <!-- f -->
        <test-method signature="launch()[pri:0, instance:testngScipts.FirstScript@bcec361]" started-at="2024-06-06T22:15:21 IST" name="launch" finished-at="2024-06-06T22:15:29 IST" duration-ms="7938" status="PASS">
          <reporter-output>
          </reporter-output>
        </test-method> <!-- launch -->
        <test-method is-config="true" signature="stop()[pri:0, instance:testngScipts.FirstScript@bcec361]" started-at="2024-06-06T22:15:29 IST" name="stop" finished-at="2024-06-06T22:15:29 IST" duration-ms="1" status="PASS">
          <reporter-output>
          </reporter-output>
        </test-method> <!-- stop -->
      </class> <!-- testngScipts.FirstScript -->
    </test> <!-- Testonchrome -->
    <test started-at="2024-06-06T22:15:18 IST" name="Testonedge" finished-at="2024-06-06T22:15:31 IST" duration-ms="13402">
      <class name="testngScipts.FirstScript">
        <test-method is-config="true" signature="f(java.lang.String)[pri:0, instance:testngScipts.FirstScript@bccb269]" started-at="2024-06-06T22:15:18 IST" name="f" finished-at="2024-06-06T22:15:24 IST" duration-ms="6145" status="PASS">
          <params>
            <param index="0">
              <value>
                <![CDATA[Edge]]>
              </value>
            </param>
          </params>
          <reporter-output>
          </reporter-output>
        </test-method> <!-- f -->
        <test-method signature="launch()[pri:0, instance:testngScipts.FirstScript@bccb269]" started-at="2024-06-06T22:15:24 IST" name="launch" finished-at="2024-06-06T22:15:31 IST" duration-ms="7225" status="PASS">
          <reporter-output>
          </reporter-output>
        </test-method> <!-- launch -->
        <test-method is-config="true" signature="stop()[pri:0, instance:testngScipts.FirstScript@bccb269]" started-at="2024-06-06T22:15:31 IST" name="stop" finished-at="2024-06-06T22:15:31 IST" duration-ms="2" status="PASS">
          <reporter-output>
          </reporter-output>
        </test-method> <!-- stop -->
      </class> <!-- testngScipts.FirstScript -->
    </test> <!-- Testonedge -->
  </suite> <!-- Suite -->
</testng-results>
